The system is: Linux - 6.0.9-271-tkg-bore - x86_64
Compiling the C compiler identification source file "CMakeCCompilerId.c" succeeded.
Compiler: /usr/bin/gcc34 
Build flags: 
Id flags:  

The output was:
0


Compilation of the C compiler identification source "CMakeCCompilerId.c" produced "a.out"

The C compiler identification is GNU, found in "/home/isaac/clones/cl_dll_base/dlls/a/CMakeFiles/3.25.0/CompilerIdC/a.out"

Compiling the CXX compiler identification source file "CMakeCXXCompilerId.cpp" succeeded.
Compiler: /usr/bin/g++34 
Build flags: 
Id flags:  

The output was:
0


Compilation of the CXX compiler identification source "CMakeCXXCompilerId.cpp" produced "a.out"

The CXX compiler identification is GNU, found in "/home/isaac/clones/cl_dll_base/dlls/a/CMakeFiles/3.25.0/CompilerIdCXX/a.out"

Detecting C compiler ABI info compiled with the following output:
Change Dir: /home/isaac/clones/cl_dll_base/dlls/a/CMakeFiles/CMakeScratch/TryCompile-JXLTqg

Run Build Command(s):/sbin/make -f Makefile cmTC_b0704/fast && /sbin/make  -f CMakeFiles/cmTC_b0704.dir/build.make CMakeFiles/cmTC_b0704.dir/build
make[1]: Entering directory '/home/isaac/clones/cl_dll_base/dlls/a/CMakeFiles/CMakeScratch/TryCompile-JXLTqg'
Building C object CMakeFiles/cmTC_b0704.dir/CMakeCCompilerABI.c.o
/usr/bin/gcc34   -v -o CMakeFiles/cmTC_b0704.dir/CMakeCCompilerABI.c.o -c /usr/share/cmake/Modules/CMakeCCompilerABI.c
Reading specs from /usr/lib/gcc/x86_64-redhat-linux/3.4.6/specs
Configured with: ../configure --prefix=/usr --mandir=/usr/share/man --infodir=/usr/share/info --enable-shared --enable-threads=posix --disable-checking --with-system-zlib --enable-__cxa_atexit --disable-libunwind-exceptions --enable-languages=c,c++,f77 --disable-libgcj --host=x86_64-redhat-linux
Thread model: posix
gcc version 3.4.6 20060404 (Red Hat 3.4.6-4.1)
 /usr/libexec/gcc/x86_64-redhat-linux/3.4.6/cc1 -quiet -v /usr/share/cmake/Modules/CMakeCCompilerABI.c -quiet -dumpbase CMakeCCompilerABI.c -mtune=k8 -auxbase-strip CMakeFiles/cmTC_b0704.dir/CMakeCCompilerABI.c.o -version -o /tmp/ccsHNCSd.s
ignoring nonexistent directory "/usr/lib/gcc/x86_64-redhat-linux/3.4.6/../../../../x86_64-redhat-linux/include"
#include "..." search starts here:
#include <...> search starts here:
 /usr/local/include
 /usr/lib/gcc/x86_64-redhat-linux/3.4.6/include
 /usr/include
End of search list.
GNU C version 3.4.6 20060404 (Red Hat 3.4.6-4.1) (x86_64-redhat-linux)
	compiled by GNU C version 3.4.6 20060404 (Red Hat 3.4.6-4.1).
GGC heuristics: --param ggc-min-expand=100 --param ggc-min-heapsize=131072
 as -V -Qy -o CMakeFiles/cmTC_b0704.dir/CMakeCCompilerABI.c.o /tmp/ccsHNCSd.s
GNU assembler version 2.39.0 (x86_64-pc-linux-gnu) using BFD version (GNU Binutils) 2.39.0
Linking C executable cmTC_b0704
/usr/bin/cmake -E cmake_link_script CMakeFiles/cmTC_b0704.dir/link.txt --verbose=1
/usr/bin/gcc34  -v -rdynamic CMakeFiles/cmTC_b0704.dir/CMakeCCompilerABI.c.o -o cmTC_b0704 
Reading specs from /usr/lib/gcc/x86_64-redhat-linux/3.4.6/specs
Configured with: ../configure --prefix=/usr --mandir=/usr/share/man --infodir=/usr/share/info --enable-shared --enable-threads=posix --disable-checking --with-system-zlib --enable-__cxa_atexit --disable-libunwind-exceptions --enable-languages=c,c++,f77 --disable-libgcj --host=x86_64-redhat-linux
Thread model: posix
gcc version 3.4.6 20060404 (Red Hat 3.4.6-4.1)
 /usr/libexec/gcc/x86_64-redhat-linux/3.4.6/collect2 --eh-frame-hdr -m elf_x86_64 -export-dynamic -dynamic-linker /lib64/ld-linux-x86-64.so.2 -o cmTC_b0704 /usr/lib/gcc/x86_64-redhat-linux/3.4.6/../../../../lib64/crt1.o /usr/lib/gcc/x86_64-redhat-linux/3.4.6/../../../../lib64/crti.o /usr/lib/gcc/x86_64-redhat-linux/3.4.6/crtbegin.o -L/usr/lib/gcc/x86_64-redhat-linux/3.4.6 -L/usr/lib/gcc/x86_64-redhat-linux/3.4.6 -L/usr/lib/gcc/x86_64-redhat-linux/3.4.6/../../../../lib64 -L/usr/lib/gcc/x86_64-redhat-linux/3.4.6/../../.. -L/lib/../lib64 -L/usr/lib/../lib64 CMakeFiles/cmTC_b0704.dir/CMakeCCompilerABI.c.o -lgcc --as-needed -lgcc_s --no-as-needed -lc -lgcc --as-needed -lgcc_s --no-as-needed /usr/lib/gcc/x86_64-redhat-linux/3.4.6/crtend.o /usr/lib/gcc/x86_64-redhat-linux/3.4.6/../../../../lib64/crtn.o
make[1]: Leaving directory '/home/isaac/clones/cl_dll_base/dlls/a/CMakeFiles/CMakeScratch/TryCompile-JXLTqg'



Parsed C implicit include dir info from above output: rv=done
  found start of include info
  found start of implicit include info
    add: [/usr/local/include]
    add: [/usr/lib/gcc/x86_64-redhat-linux/3.4.6/include]
    add: [/usr/include]
  end of search list found
  collapse include dir [/usr/local/include] ==> [/usr/local/include]
  collapse include dir [/usr/lib/gcc/x86_64-redhat-linux/3.4.6/include] ==> [/usr/lib/gcc/x86_64-redhat-linux/3.4.6/include]
  collapse include dir [/usr/include] ==> [/usr/include]
  implicit include dirs: [/usr/local/include;/usr/lib/gcc/x86_64-redhat-linux/3.4.6/include;/usr/include]


Parsed C implicit link information from above output:
  link line regex: [^( *|.*[/\])(ld|CMAKE_LINK_STARTFILE-NOTFOUND|([^/\]+-)?ld|collect2)[^/\]*( |$)]
  ignore line: [Change Dir: /home/isaac/clones/cl_dll_base/dlls/a/CMakeFiles/CMakeScratch/TryCompile-JXLTqg]
  ignore line: []
  ignore line: [Run Build Command(s):/sbin/make -f Makefile cmTC_b0704/fast && /sbin/make  -f CMakeFiles/cmTC_b0704.dir/build.make CMakeFiles/cmTC_b0704.dir/build]
  ignore line: [make[1]: Entering directory '/home/isaac/clones/cl_dll_base/dlls/a/CMakeFiles/CMakeScratch/TryCompile-JXLTqg']
  ignore line: [Building C object CMakeFiles/cmTC_b0704.dir/CMakeCCompilerABI.c.o]
  ignore line: [/usr/bin/gcc34   -v -o CMakeFiles/cmTC_b0704.dir/CMakeCCompilerABI.c.o -c /usr/share/cmake/Modules/CMakeCCompilerABI.c]
  ignore line: [Reading specs from /usr/lib/gcc/x86_64-redhat-linux/3.4.6/specs]
  ignore line: [Configured with: ../configure --prefix=/usr --mandir=/usr/share/man --infodir=/usr/share/info --enable-shared --enable-threads=posix --disable-checking --with-system-zlib --enable-__cxa_atexit --disable-libunwind-exceptions --enable-languages=c c++ f77 --disable-libgcj --host=x86_64-redhat-linux]
  ignore line: [Thread model: posix]
  ignore line: [gcc version 3.4.6 20060404 (Red Hat 3.4.6-4.1)]
  ignore line: [ /usr/libexec/gcc/x86_64-redhat-linux/3.4.6/cc1 -quiet -v /usr/share/cmake/Modules/CMakeCCompilerABI.c -quiet -dumpbase CMakeCCompilerABI.c -mtune=k8 -auxbase-strip CMakeFiles/cmTC_b0704.dir/CMakeCCompilerABI.c.o -version -o /tmp/ccsHNCSd.s]
  ignore line: [ignoring nonexistent directory "/usr/lib/gcc/x86_64-redhat-linux/3.4.6/../../../../x86_64-redhat-linux/include"]
  ignore line: [#include "..." search starts here:]
  ignore line: [#include <...> search starts here:]
  ignore line: [ /usr/local/include]
  ignore line: [ /usr/lib/gcc/x86_64-redhat-linux/3.4.6/include]
  ignore line: [ /usr/include]
  ignore line: [End of search list.]
  ignore line: [GNU C version 3.4.6 20060404 (Red Hat 3.4.6-4.1) (x86_64-redhat-linux)]
  ignore line: [	compiled by GNU C version 3.4.6 20060404 (Red Hat 3.4.6-4.1).]
  ignore line: [GGC heuristics: --param ggc-min-expand=100 --param ggc-min-heapsize=131072]
  ignore line: [ as -V -Qy -o CMakeFiles/cmTC_b0704.dir/CMakeCCompilerABI.c.o /tmp/ccsHNCSd.s]
  ignore line: [GNU assembler version 2.39.0 (x86_64-pc-linux-gnu) using BFD version (GNU Binutils) 2.39.0]
  ignore line: [Linking C executable cmTC_b0704]
  ignore line: [/usr/bin/cmake -E cmake_link_script CMakeFiles/cmTC_b0704.dir/link.txt --verbose=1]
  ignore line: [/usr/bin/gcc34  -v -rdynamic CMakeFiles/cmTC_b0704.dir/CMakeCCompilerABI.c.o -o cmTC_b0704 ]
  ignore line: [Reading specs from /usr/lib/gcc/x86_64-redhat-linux/3.4.6/specs]
  ignore line: [Configured with: ../configure --prefix=/usr --mandir=/usr/share/man --infodir=/usr/share/info --enable-shared --enable-threads=posix --disable-checking --with-system-zlib --enable-__cxa_atexit --disable-libunwind-exceptions --enable-languages=c c++ f77 --disable-libgcj --host=x86_64-redhat-linux]
  ignore line: [Thread model: posix]
  ignore line: [gcc version 3.4.6 20060404 (Red Hat 3.4.6-4.1)]
  link line: [ /usr/libexec/gcc/x86_64-redhat-linux/3.4.6/collect2 --eh-frame-hdr -m elf_x86_64 -export-dynamic -dynamic-linker /lib64/ld-linux-x86-64.so.2 -o cmTC_b0704 /usr/lib/gcc/x86_64-redhat-linux/3.4.6/../../../../lib64/crt1.o /usr/lib/gcc/x86_64-redhat-linux/3.4.6/../../../../lib64/crti.o /usr/lib/gcc/x86_64-redhat-linux/3.4.6/crtbegin.o -L/usr/lib/gcc/x86_64-redhat-linux/3.4.6 -L/usr/lib/gcc/x86_64-redhat-linux/3.4.6 -L/usr/lib/gcc/x86_64-redhat-linux/3.4.6/../../../../lib64 -L/usr/lib/gcc/x86_64-redhat-linux/3.4.6/../../.. -L/lib/../lib64 -L/usr/lib/../lib64 CMakeFiles/cmTC_b0704.dir/CMakeCCompilerABI.c.o -lgcc --as-needed -lgcc_s --no-as-needed -lc -lgcc --as-needed -lgcc_s --no-as-needed /usr/lib/gcc/x86_64-redhat-linux/3.4.6/crtend.o /usr/lib/gcc/x86_64-redhat-linux/3.4.6/../../../../lib64/crtn.o]
    arg [/usr/libexec/gcc/x86_64-redhat-linux/3.4.6/collect2] ==> ignore
    arg [--eh-frame-hdr] ==> ignore
    arg [-m] ==> ignore
    arg [elf_x86_64] ==> ignore
    arg [-export-dynamic] ==> ignore
    arg [-dynamic-linker] ==> ignore
    arg [/lib64/ld-linux-x86-64.so.2] ==> ignore
    arg [-o] ==> ignore
    arg [cmTC_b0704] ==> ignore
    arg [/usr/lib/gcc/x86_64-redhat-linux/3.4.6/../../../../lib64/crt1.o] ==> obj [/usr/lib/gcc/x86_64-redhat-linux/3.4.6/../../../../lib64/crt1.o]
    arg [/usr/lib/gcc/x86_64-redhat-linux/3.4.6/../../../../lib64/crti.o] ==> obj [/usr/lib/gcc/x86_64-redhat-linux/3.4.6/../../../../lib64/crti.o]
    arg [/usr/lib/gcc/x86_64-redhat-linux/3.4.6/crtbegin.o] ==> obj [/usr/lib/gcc/x86_64-redhat-linux/3.4.6/crtbegin.o]
    arg [-L/usr/lib/gcc/x86_64-redhat-linux/3.4.6] ==> dir [/usr/lib/gcc/x86_64-redhat-linux/3.4.6]
    arg [-L/usr/lib/gcc/x86_64-redhat-linux/3.4.6] ==> dir [/usr/lib/gcc/x86_64-redhat-linux/3.4.6]
    arg [-L/usr/lib/gcc/x86_64-redhat-linux/3.4.6/../../../../lib64] ==> dir [/usr/lib/gcc/x86_64-redhat-linux/3.4.6/../../../../lib64]
    arg [-L/usr/lib/gcc/x86_64-redhat-linux/3.4.6/../../..] ==> dir [/usr/lib/gcc/x86_64-redhat-linux/3.4.6/../../..]
    arg [-L/lib/../lib64] ==> dir [/lib/../lib64]
    arg [-L/usr/lib/../lib64] ==> dir [/usr/lib/../lib64]
    arg [CMakeFiles/cmTC_b0704.dir/CMakeCCompilerABI.c.o] ==> ignore
    arg [-lgcc] ==> lib [gcc]
    arg [--as-needed] ==> ignore
    arg [-lgcc_s] ==> lib [gcc_s]
    arg [--no-as-needed] ==> ignore
    arg [-lc] ==> lib [c]
    arg [-lgcc] ==> lib [gcc]
    arg [--as-needed] ==> ignore
    arg [-lgcc_s] ==> lib [gcc_s]
    arg [--no-as-needed] ==> ignore
    arg [/usr/lib/gcc/x86_64-redhat-linux/3.4.6/crtend.o] ==> obj [/usr/lib/gcc/x86_64-redhat-linux/3.4.6/crtend.o]
    arg [/usr/lib/gcc/x86_64-redhat-linux/3.4.6/../../../../lib64/crtn.o] ==> obj [/usr/lib/gcc/x86_64-redhat-linux/3.4.6/../../../../lib64/crtn.o]
  collapse obj [/usr/lib/gcc/x86_64-redhat-linux/3.4.6/../../../../lib64/crt1.o] ==> [/usr/lib64/crt1.o]
  collapse obj [/usr/lib/gcc/x86_64-redhat-linux/3.4.6/../../../../lib64/crti.o] ==> [/usr/lib64/crti.o]
  collapse obj [/usr/lib/gcc/x86_64-redhat-linux/3.4.6/../../../../lib64/crtn.o] ==> [/usr/lib64/crtn.o]
  collapse library dir [/usr/lib/gcc/x86_64-redhat-linux/3.4.6] ==> [/usr/lib/gcc/x86_64-redhat-linux/3.4.6]
  collapse library dir [/usr/lib/gcc/x86_64-redhat-linux/3.4.6] ==> [/usr/lib/gcc/x86_64-redhat-linux/3.4.6]
  collapse library dir [/usr/lib/gcc/x86_64-redhat-linux/3.4.6/../../../../lib64] ==> [/usr/lib64]
  collapse library dir [/usr/lib/gcc/x86_64-redhat-linux/3.4.6/../../..] ==> [/usr/lib]
  collapse library dir [/lib/../lib64] ==> [/lib64]
  collapse library dir [/usr/lib/../lib64] ==> [/usr/lib64]
  implicit libs: [gcc;gcc_s;c;gcc;gcc_s]
  implicit objs: [/usr/lib64/crt1.o;/usr/lib64/crti.o;/usr/lib/gcc/x86_64-redhat-linux/3.4.6/crtbegin.o;/usr/lib/gcc/x86_64-redhat-linux/3.4.6/crtend.o;/usr/lib64/crtn.o]
  implicit dirs: [/usr/lib/gcc/x86_64-redhat-linux/3.4.6;/usr/lib64;/usr/lib;/lib64]
  implicit fwks: []


Detecting CXX compiler ABI info compiled with the following output:
Change Dir: /home/isaac/clones/cl_dll_base/dlls/a/CMakeFiles/CMakeScratch/TryCompile-JmAGvm

Run Build Command(s):/sbin/make -f Makefile cmTC_0d302/fast && /sbin/make  -f CMakeFiles/cmTC_0d302.dir/build.make CMakeFiles/cmTC_0d302.dir/build
make[1]: Entering directory '/home/isaac/clones/cl_dll_base/dlls/a/CMakeFiles/CMakeScratch/TryCompile-JmAGvm'
Building CXX object CMakeFiles/cmTC_0d302.dir/CMakeCXXCompilerABI.cpp.o
/usr/bin/g++34   -v -o CMakeFiles/cmTC_0d302.dir/CMakeCXXCompilerABI.cpp.o -c /usr/share/cmake/Modules/CMakeCXXCompilerABI.cpp
Reading specs from /usr/lib/gcc/x86_64-redhat-linux/3.4.6/specs
Configured with: ../configure --prefix=/usr --mandir=/usr/share/man --infodir=/usr/share/info --enable-shared --enable-threads=posix --disable-checking --with-system-zlib --enable-__cxa_atexit --disable-libunwind-exceptions --enable-languages=c,c++,f77 --disable-libgcj --host=x86_64-redhat-linux
Thread model: posix
gcc version 3.4.6 20060404 (Red Hat 3.4.6-4.1)
 /usr/libexec/gcc/x86_64-redhat-linux/3.4.6/cc1plus -quiet -v -D_GNU_SOURCE /usr/share/cmake/Modules/CMakeCXXCompilerABI.cpp -quiet -dumpbase CMakeCXXCompilerABI.cpp -mtune=k8 -auxbase-strip CMakeFiles/cmTC_0d302.dir/CMakeCXXCompilerABI.cpp.o -version -o /tmp/ccH5DUxa.s
ignoring nonexistent directory "/usr/lib/gcc/x86_64-redhat-linux/3.4.6/../../../../x86_64-redhat-linux/include"
#include "..." search starts here:
#include <...> search starts here:
 /usr/lib/gcc/x86_64-redhat-linux/3.4.6/../../../../include/c++/3.4.6
 /usr/lib/gcc/x86_64-redhat-linux/3.4.6/../../../../include/c++/3.4.6/x86_64-redhat-linux
 /usr/lib/gcc/x86_64-redhat-linux/3.4.6/../../../../include/c++/3.4.6/backward
 /usr/local/include
 /usr/lib/gcc/x86_64-redhat-linux/3.4.6/include
 /usr/include
End of search list.
GNU C++ version 3.4.6 20060404 (Red Hat 3.4.6-4.1) (x86_64-redhat-linux)
	compiled by GNU C version 3.4.6 20060404 (Red Hat 3.4.6-4.1).
GGC heuristics: --param ggc-min-expand=100 --param ggc-min-heapsize=131072
 as -V -Qy -o CMakeFiles/cmTC_0d302.dir/CMakeCXXCompilerABI.cpp.o /tmp/ccH5DUxa.s
GNU assembler version 2.39.0 (x86_64-pc-linux-gnu) using BFD version (GNU Binutils) 2.39.0
Linking CXX executable cmTC_0d302
/usr/bin/cmake -E cmake_link_script CMakeFiles/cmTC_0d302.dir/link.txt --verbose=1
/usr/bin/g++34  -v -rdynamic CMakeFiles/cmTC_0d302.dir/CMakeCXXCompilerABI.cpp.o -o cmTC_0d302 
Reading specs from /usr/lib/gcc/x86_64-redhat-linux/3.4.6/specs
Configured with: ../configure --prefix=/usr --mandir=/usr/share/man --infodir=/usr/share/info --enable-shared --enable-threads=posix --disable-checking --with-system-zlib --enable-__cxa_atexit --disable-libunwind-exceptions --enable-languages=c,c++,f77 --disable-libgcj --host=x86_64-redhat-linux
Thread model: posix
gcc version 3.4.6 20060404 (Red Hat 3.4.6-4.1)
 /usr/libexec/gcc/x86_64-redhat-linux/3.4.6/collect2 --eh-frame-hdr -m elf_x86_64 -export-dynamic -dynamic-linker /lib64/ld-linux-x86-64.so.2 -o cmTC_0d302 /usr/lib/gcc/x86_64-redhat-linux/3.4.6/../../../../lib64/crt1.o /usr/lib/gcc/x86_64-redhat-linux/3.4.6/../../../../lib64/crti.o /usr/lib/gcc/x86_64-redhat-linux/3.4.6/crtbegin.o -L/usr/lib/gcc/x86_64-redhat-linux/3.4.6 -L/usr/lib/gcc/x86_64-redhat-linux/3.4.6 -L/usr/lib/gcc/x86_64-redhat-linux/3.4.6/../../../../lib64 -L/usr/lib/gcc/x86_64-redhat-linux/3.4.6/../../.. -L/lib/../lib64 -L/usr/lib/../lib64 CMakeFiles/cmTC_0d302.dir/CMakeCXXCompilerABI.cpp.o -lstdc++ -lm -lgcc_s -lgcc -lc -lgcc_s -lgcc /usr/lib/gcc/x86_64-redhat-linux/3.4.6/crtend.o /usr/lib/gcc/x86_64-redhat-linux/3.4.6/../../../../lib64/crtn.o
make[1]: Leaving directory '/home/isaac/clones/cl_dll_base/dlls/a/CMakeFiles/CMakeScratch/TryCompile-JmAGvm'



Parsed CXX implicit include dir info from above output: rv=done
  found start of include info
  found start of implicit include info
    add: [/usr/lib/gcc/x86_64-redhat-linux/3.4.6/../../../../include/c++/3.4.6]
    add: [/usr/lib/gcc/x86_64-redhat-linux/3.4.6/../../../../include/c++/3.4.6/x86_64-redhat-linux]
    add: [/usr/lib/gcc/x86_64-redhat-linux/3.4.6/../../../../include/c++/3.4.6/backward]
    add: [/usr/local/include]
    add: [/usr/lib/gcc/x86_64-redhat-linux/3.4.6/include]
    add: [/usr/include]
  end of search list found
  collapse include dir [/usr/lib/gcc/x86_64-redhat-linux/3.4.6/../../../../include/c++/3.4.6] ==> [/usr/include/c++/3.4.6]
  collapse include dir [/usr/lib/gcc/x86_64-redhat-linux/3.4.6/../../../../include/c++/3.4.6/x86_64-redhat-linux] ==> [/usr/include/c++/3.4.6/x86_64-redhat-linux]
  collapse include dir [/usr/lib/gcc/x86_64-redhat-linux/3.4.6/../../../../include/c++/3.4.6/backward] ==> [/usr/include/c++/3.4.6/backward]
  collapse include dir [/usr/local/include] ==> [/usr/local/include]
  collapse include dir [/usr/lib/gcc/x86_64-redhat-linux/3.4.6/include] ==> [/usr/lib/gcc/x86_64-redhat-linux/3.4.6/include]
  collapse include dir [/usr/include] ==> [/usr/include]
  implicit include dirs: [/usr/include/c++/3.4.6;/usr/include/c++/3.4.6/x86_64-redhat-linux;/usr/include/c++/3.4.6/backward;/usr/local/include;/usr/lib/gcc/x86_64-redhat-linux/3.4.6/include;/usr/include]


Parsed CXX implicit link information from above output:
  link line regex: [^( *|.*[/\])(ld|CMAKE_LINK_STARTFILE-NOTFOUND|([^/\]+-)?ld|collect2)[^/\]*( |$)]
  ignore line: [Change Dir: /home/isaac/clones/cl_dll_base/dlls/a/CMakeFiles/CMakeScratch/TryCompile-JmAGvm]
  ignore line: []
  ignore line: [Run Build Command(s):/sbin/make -f Makefile cmTC_0d302/fast && /sbin/make  -f CMakeFiles/cmTC_0d302.dir/build.make CMakeFiles/cmTC_0d302.dir/build]
  ignore line: [make[1]: Entering directory '/home/isaac/clones/cl_dll_base/dlls/a/CMakeFiles/CMakeScratch/TryCompile-JmAGvm']
  ignore line: [Building CXX object CMakeFiles/cmTC_0d302.dir/CMakeCXXCompilerABI.cpp.o]
  ignore line: [/usr/bin/g++34   -v -o CMakeFiles/cmTC_0d302.dir/CMakeCXXCompilerABI.cpp.o -c /usr/share/cmake/Modules/CMakeCXXCompilerABI.cpp]
  ignore line: [Reading specs from /usr/lib/gcc/x86_64-redhat-linux/3.4.6/specs]
  ignore line: [Configured with: ../configure --prefix=/usr --mandir=/usr/share/man --infodir=/usr/share/info --enable-shared --enable-threads=posix --disable-checking --with-system-zlib --enable-__cxa_atexit --disable-libunwind-exceptions --enable-languages=c c++ f77 --disable-libgcj --host=x86_64-redhat-linux]
  ignore line: [Thread model: posix]
  ignore line: [gcc version 3.4.6 20060404 (Red Hat 3.4.6-4.1)]
  ignore line: [ /usr/libexec/gcc/x86_64-redhat-linux/3.4.6/cc1plus -quiet -v -D_GNU_SOURCE /usr/share/cmake/Modules/CMakeCXXCompilerABI.cpp -quiet -dumpbase CMakeCXXCompilerABI.cpp -mtune=k8 -auxbase-strip CMakeFiles/cmTC_0d302.dir/CMakeCXXCompilerABI.cpp.o -version -o /tmp/ccH5DUxa.s]
  ignore line: [ignoring nonexistent directory "/usr/lib/gcc/x86_64-redhat-linux/3.4.6/../../../../x86_64-redhat-linux/include"]
  ignore line: [#include "..." search starts here:]
  ignore line: [#include <...> search starts here:]
  ignore line: [ /usr/lib/gcc/x86_64-redhat-linux/3.4.6/../../../../include/c++/3.4.6]
  ignore line: [ /usr/lib/gcc/x86_64-redhat-linux/3.4.6/../../../../include/c++/3.4.6/x86_64-redhat-linux]
  ignore line: [ /usr/lib/gcc/x86_64-redhat-linux/3.4.6/../../../../include/c++/3.4.6/backward]
  ignore line: [ /usr/local/include]
  ignore line: [ /usr/lib/gcc/x86_64-redhat-linux/3.4.6/include]
  ignore line: [ /usr/include]
  ignore line: [End of search list.]
  ignore line: [GNU C++ version 3.4.6 20060404 (Red Hat 3.4.6-4.1) (x86_64-redhat-linux)]
  ignore line: [	compiled by GNU C version 3.4.6 20060404 (Red Hat 3.4.6-4.1).]
  ignore line: [GGC heuristics: --param ggc-min-expand=100 --param ggc-min-heapsize=131072]
  ignore line: [ as -V -Qy -o CMakeFiles/cmTC_0d302.dir/CMakeCXXCompilerABI.cpp.o /tmp/ccH5DUxa.s]
  ignore line: [GNU assembler version 2.39.0 (x86_64-pc-linux-gnu) using BFD version (GNU Binutils) 2.39.0]
  ignore line: [Linking CXX executable cmTC_0d302]
  ignore line: [/usr/bin/cmake -E cmake_link_script CMakeFiles/cmTC_0d302.dir/link.txt --verbose=1]
  ignore line: [/usr/bin/g++34  -v -rdynamic CMakeFiles/cmTC_0d302.dir/CMakeCXXCompilerABI.cpp.o -o cmTC_0d302 ]
  ignore line: [Reading specs from /usr/lib/gcc/x86_64-redhat-linux/3.4.6/specs]
  ignore line: [Configured with: ../configure --prefix=/usr --mandir=/usr/share/man --infodir=/usr/share/info --enable-shared --enable-threads=posix --disable-checking --with-system-zlib --enable-__cxa_atexit --disable-libunwind-exceptions --enable-languages=c c++ f77 --disable-libgcj --host=x86_64-redhat-linux]
  ignore line: [Thread model: posix]
  ignore line: [gcc version 3.4.6 20060404 (Red Hat 3.4.6-4.1)]
  link line: [ /usr/libexec/gcc/x86_64-redhat-linux/3.4.6/collect2 --eh-frame-hdr -m elf_x86_64 -export-dynamic -dynamic-linker /lib64/ld-linux-x86-64.so.2 -o cmTC_0d302 /usr/lib/gcc/x86_64-redhat-linux/3.4.6/../../../../lib64/crt1.o /usr/lib/gcc/x86_64-redhat-linux/3.4.6/../../../../lib64/crti.o /usr/lib/gcc/x86_64-redhat-linux/3.4.6/crtbegin.o -L/usr/lib/gcc/x86_64-redhat-linux/3.4.6 -L/usr/lib/gcc/x86_64-redhat-linux/3.4.6 -L/usr/lib/gcc/x86_64-redhat-linux/3.4.6/../../../../lib64 -L/usr/lib/gcc/x86_64-redhat-linux/3.4.6/../../.. -L/lib/../lib64 -L/usr/lib/../lib64 CMakeFiles/cmTC_0d302.dir/CMakeCXXCompilerABI.cpp.o -lstdc++ -lm -lgcc_s -lgcc -lc -lgcc_s -lgcc /usr/lib/gcc/x86_64-redhat-linux/3.4.6/crtend.o /usr/lib/gcc/x86_64-redhat-linux/3.4.6/../../../../lib64/crtn.o]
    arg [/usr/libexec/gcc/x86_64-redhat-linux/3.4.6/collect2] ==> ignore
    arg [--eh-frame-hdr] ==> ignore
    arg [-m] ==> ignore
    arg [elf_x86_64] ==> ignore
    arg [-export-dynamic] ==> ignore
    arg [-dynamic-linker] ==> ignore
    arg [/lib64/ld-linux-x86-64.so.2] ==> ignore
    arg [-o] ==> ignore
    arg [cmTC_0d302] ==> ignore
    arg [/usr/lib/gcc/x86_64-redhat-linux/3.4.6/../../../../lib64/crt1.o] ==> obj [/usr/lib/gcc/x86_64-redhat-linux/3.4.6/../../../../lib64/crt1.o]
    arg [/usr/lib/gcc/x86_64-redhat-linux/3.4.6/../../../../lib64/crti.o] ==> obj [/usr/lib/gcc/x86_64-redhat-linux/3.4.6/../../../../lib64/crti.o]
    arg [/usr/lib/gcc/x86_64-redhat-linux/3.4.6/crtbegin.o] ==> obj [/usr/lib/gcc/x86_64-redhat-linux/3.4.6/crtbegin.o]
    arg [-L/usr/lib/gcc/x86_64-redhat-linux/3.4.6] ==> dir [/usr/lib/gcc/x86_64-redhat-linux/3.4.6]
    arg [-L/usr/lib/gcc/x86_64-redhat-linux/3.4.6] ==> dir [/usr/lib/gcc/x86_64-redhat-linux/3.4.6]
    arg [-L/usr/lib/gcc/x86_64-redhat-linux/3.4.6/../../../../lib64] ==> dir [/usr/lib/gcc/x86_64-redhat-linux/3.4.6/../../../../lib64]
    arg [-L/usr/lib/gcc/x86_64-redhat-linux/3.4.6/../../..] ==> dir [/usr/lib/gcc/x86_64-redhat-linux/3.4.6/../../..]
    arg [-L/lib/../lib64] ==> dir [/lib/../lib64]
    arg [-L/usr/lib/../lib64] ==> dir [/usr/lib/../lib64]
    arg [CMakeFiles/cmTC_0d302.dir/CMakeCXXCompilerABI.cpp.o] ==> ignore
    arg [-lstdc++] ==> lib [stdc++]
    arg [-lm] ==> lib [m]
    arg [-lgcc_s] ==> lib [gcc_s]
    arg [-lgcc] ==> lib [gcc]
    arg [-lc] ==> lib [c]
    arg [-lgcc_s] ==> lib [gcc_s]
    arg [-lgcc] ==> lib [gcc]
    arg [/usr/lib/gcc/x86_64-redhat-linux/3.4.6/crtend.o] ==> obj [/usr/lib/gcc/x86_64-redhat-linux/3.4.6/crtend.o]
    arg [/usr/lib/gcc/x86_64-redhat-linux/3.4.6/../../../../lib64/crtn.o] ==> obj [/usr/lib/gcc/x86_64-redhat-linux/3.4.6/../../../../lib64/crtn.o]
  collapse obj [/usr/lib/gcc/x86_64-redhat-linux/3.4.6/../../../../lib64/crt1.o] ==> [/usr/lib64/crt1.o]
  collapse obj [/usr/lib/gcc/x86_64-redhat-linux/3.4.6/../../../../lib64/crti.o] ==> [/usr/lib64/crti.o]
  collapse obj [/usr/lib/gcc/x86_64-redhat-linux/3.4.6/../../../../lib64/crtn.o] ==> [/usr/lib64/crtn.o]
  collapse library dir [/usr/lib/gcc/x86_64-redhat-linux/3.4.6] ==> [/usr/lib/gcc/x86_64-redhat-linux/3.4.6]
  collapse library dir [/usr/lib/gcc/x86_64-redhat-linux/3.4.6] ==> [/usr/lib/gcc/x86_64-redhat-linux/3.4.6]
  collapse library dir [/usr/lib/gcc/x86_64-redhat-linux/3.4.6/../../../../lib64] ==> [/usr/lib64]
  collapse library dir [/usr/lib/gcc/x86_64-redhat-linux/3.4.6/../../..] ==> [/usr/lib]
  collapse library dir [/lib/../lib64] ==> [/lib64]
  collapse library dir [/usr/lib/../lib64] ==> [/usr/lib64]
  implicit libs: [stdc++;m;gcc_s;gcc;c;gcc_s;gcc]
  implicit objs: [/usr/lib64/crt1.o;/usr/lib64/crti.o;/usr/lib/gcc/x86_64-redhat-linux/3.4.6/crtbegin.o;/usr/lib/gcc/x86_64-redhat-linux/3.4.6/crtend.o;/usr/lib64/crtn.o]
  implicit dirs: [/usr/lib/gcc/x86_64-redhat-linux/3.4.6;/usr/lib64;/usr/lib;/lib64]
  implicit fwks: []




Detecting CXX [-std=c++98] compiler features compiled with the following output:
Change Dir: /home/isaac/clones/cl_dll_base/dlls/a/CMakeFiles/CMakeScratch/TryCompile-cdujbW

Run Build Command(s):/sbin/make -f Makefile cmTC_6d425/fast && /sbin/make  -f CMakeFiles/cmTC_6d425.dir/build.make CMakeFiles/cmTC_6d425.dir/build
make[1]: se entra en el directorio '/home/isaac/clones/cl_dll_base/dlls/a/CMakeFiles/CMakeScratch/TryCompile-cdujbW'
Building CXX object CMakeFiles/cmTC_6d425.dir/feature_tests.cxx.o
/usr/bin/g++34   -std=c++98 -o CMakeFiles/cmTC_6d425.dir/feature_tests.cxx.o -c /home/isaac/clones/cl_dll_base/dlls/a/CMakeFiles/CMakeScratch/TryCompile-cdujbW/feature_tests.cxx
Linking CXX executable cmTC_6d425
/usr/bin/cmake -E cmake_link_script CMakeFiles/cmTC_6d425.dir/link.txt --verbose=1
/usr/bin/g++34 -rdynamic CMakeFiles/cmTC_6d425.dir/feature_tests.cxx.o -o cmTC_6d425 
make[1]: se sale del directorio '/home/isaac/clones/cl_dll_base/dlls/a/CMakeFiles/CMakeScratch/TryCompile-cdujbW'



    Feature record: CXX_FEATURE:0cxx_template_template_parameters
    Feature record: CXX_FEATURE:0cxx_alias_templates
    Feature record: CXX_FEATURE:0cxx_alignas
    Feature record: CXX_FEATURE:0cxx_alignof
    Feature record: CXX_FEATURE:0cxx_attributes
    Feature record: CXX_FEATURE:0cxx_auto_type
    Feature record: CXX_FEATURE:0cxx_constexpr
    Feature record: CXX_FEATURE:0cxx_decltype
    Feature record: CXX_FEATURE:0cxx_decltype_incomplete_return_types
    Feature record: CXX_FEATURE:0cxx_default_function_template_args
    Feature record: CXX_FEATURE:0cxx_defaulted_functions
    Feature record: CXX_FEATURE:0cxx_defaulted_move_initializers
    Feature record: CXX_FEATURE:0cxx_delegating_constructors
    Feature record: CXX_FEATURE:0cxx_deleted_functions
    Feature record: CXX_FEATURE:0cxx_enum_forward_declarations
    Feature record: CXX_FEATURE:0cxx_explicit_conversions
    Feature record: CXX_FEATURE:0cxx_extended_friend_declarations
    Feature record: CXX_FEATURE:0cxx_extern_templates
    Feature record: CXX_FEATURE:0cxx_final
    Feature record: CXX_FEATURE:0cxx_func_identifier
    Feature record: CXX_FEATURE:0cxx_generalized_initializers
    Feature record: CXX_FEATURE:0cxx_inheriting_constructors
    Feature record: CXX_FEATURE:0cxx_inline_namespaces
    Feature record: CXX_FEATURE:0cxx_lambdas
    Feature record: CXX_FEATURE:0cxx_local_type_template_args
    Feature record: CXX_FEATURE:0cxx_long_long_type
    Feature record: CXX_FEATURE:0cxx_noexcept
    Feature record: CXX_FEATURE:0cxx_nonstatic_member_init
    Feature record: CXX_FEATURE:0cxx_nullptr
    Feature record: CXX_FEATURE:0cxx_override
    Feature record: CXX_FEATURE:0cxx_range_for
    Feature record: CXX_FEATURE:0cxx_raw_string_literals
    Feature record: CXX_FEATURE:0cxx_reference_qualified_functions
    Feature record: CXX_FEATURE:0cxx_right_angle_brackets
    Feature record: CXX_FEATURE:0cxx_rvalue_references
    Feature record: CXX_FEATURE:0cxx_sizeof_member
    Feature record: CXX_FEATURE:0cxx_static_assert
    Feature record: CXX_FEATURE:0cxx_strong_enums
    Feature record: CXX_FEATURE:0cxx_thread_local
    Feature record: CXX_FEATURE:0cxx_trailing_return_types
    Feature record: CXX_FEATURE:0cxx_unicode_literals
    Feature record: CXX_FEATURE:0cxx_uniform_initialization
    Feature record: CXX_FEATURE:0cxx_unrestricted_unions
    Feature record: CXX_FEATURE:0cxx_user_literals
    Feature record: CXX_FEATURE:0cxx_variadic_macros
    Feature record: CXX_FEATURE:0cxx_variadic_templates
    Feature record: CXX_FEATURE:0cxx_aggregate_default_initializers
    Feature record: CXX_FEATURE:0cxx_attribute_deprecated
    Feature record: CXX_FEATURE:0cxx_binary_literals
    Feature record: CXX_FEATURE:0cxx_contextual_conversions
    Feature record: CXX_FEATURE:0cxx_decltype_auto
    Feature record: CXX_FEATURE:0cxx_digit_separators
    Feature record: CXX_FEATURE:0cxx_generic_lambdas
    Feature record: CXX_FEATURE:0cxx_lambda_init_captures
    Feature record: CXX_FEATURE:0cxx_relaxed_constexpr
    Feature record: CXX_FEATURE:0cxx_return_type_deduction
    Feature record: CXX_FEATURE:0cxx_variable_templates
